2023-04-11 17:35:18.934 Начало чтения из C:\Users\kiril\OneDrive\Рабочий стол\4курс\практика\Новая папка (7)\\alarm\alarmdata.dat3
2023-04-11 17:35:18.934 Вычитано 0 и 0 аварий
2023-04-11 17:35:18.944 Начало сохранения в C:\Users\kiril\OneDrive\Рабочий стол\4курс\практика\Новая папка (7)\\alarm\alarmdata_tmp.dat3
2023-04-11 17:35:18.952 Переименован, файл C:\Users\kiril\OneDrive\Рабочий стол\4курс\практика\Новая папка (7)\\alarm\alarmdata_tmp.dat3 в C:\Users\kiril\OneDrive\Рабочий стол\4курс\практика\Новая папка (7)\\alarm\alarmdata.dat3
2023-04-11 17:35:18.958 Сохранение завершено, 0 аварий
2023-04-11 17:45:20.068 Начало сохранения в C:\Users\kiril\OneDrive\Рабочий стол\4курс\практика\Новая папка (7)\\alarm\alarmdata_tmp.dat3
2023-04-11 17:45:20.070 Переименован, файл C:\Users\kiril\OneDrive\Рабочий стол\4курс\практика\Новая папка (7)\\alarm\alarmdata_tmp.dat3 в C:\Users\kiril\OneDrive\Рабочий стол\4курс\практика\Новая папка (7)\\alarm\alarmdata.dat3
2023-04-11 17:45:20.096 Сохранение завершено, 0 аварий
2023-04-11 17:55:20.724 Начало сохранения в C:\Users\kiril\OneDrive\Рабочий стол\4курс\практика\Новая папка (7)\\alarm\alarmdata_tmp.dat3
2023-04-11 17:55:20.725 Переименован, файл C:\Users\kiril\OneDrive\Рабочий стол\4курс\практика\Новая папка (7)\\alarm\alarmdata_tmp.dat3 в C:\Users\kiril\OneDrive\Рабочий стол\4курс\практика\Новая папка (7)\\alarm\alarmdata.dat3
2023-04-11 17:55:20.746 Сохранение завершено, 0 аварий
2023-04-11 18:05:21.460 Начало сохранения в C:\Users\kiril\OneDrive\Рабочий стол\4курс\практика\Новая папка (7)\\alarm\alarmdata_tmp.dat3
2023-04-11 18:05:21.461 Переименован, файл C:\Users\kiril\OneDrive\Рабочий стол\4курс\практика\Новая папка (7)\\alarm\alarmdata_tmp.dat3 в C:\Users\kiril\OneDrive\Рабочий стол\4курс\практика\Новая папка (7)\\alarm\alarmdata.dat3
2023-04-11 18:05:21.484 Сохранение завершено, 0 аварий
2023-04-11 18:13:13.387 Начало сохранения в C:\Users\kiril\OneDrive\Рабочий стол\4курс\практика\Новая папка (7)\\alarm\alarmdata_tmp.dat3
2023-04-11 18:13:13.388 Переименован, файл C:\Users\kiril\OneDrive\Рабочий стол\4курс\практика\Новая папка (7)\\alarm\alarmdata_tmp.dat3 в C:\Users\kiril\OneDrive\Рабочий стол\4курс\практика\Новая папка (7)\\alarm\alarmdata.dat3
2023-04-11 18:13:13.406 Сохранение завершено, 0 аварий
2023-04-12 11:26:48.729 Начало чтения из C:\Users\kiril\OneDrive\Рабочий стол\4курс\практика\Новая папка (7)\\alarm\alarmdata.dat3
2023-04-12 11:26:48.730 Вычитано 0 и 0 аварий
2023-04-12 11:26:48.730 Начало сохранения в C:\Users\kiril\OneDrive\Рабочий стол\4курс\практика\Новая папка (7)\\alarm\alarmdata_tmp.dat3
2023-04-12 11:26:48.730 Переименован, файл C:\Users\kiril\OneDrive\Рабочий стол\4курс\практика\Новая папка (7)\\alarm\alarmdata_tmp.dat3 в C:\Users\kiril\OneDrive\Рабочий стол\4курс\практика\Новая папка (7)\\alarm\alarmdata.dat3
2023-04-12 11:26:48.731 Сохранение завершено, 0 аварий
2023-04-12 11:36:49.255 Начало сохранения в C:\Users\kiril\OneDrive\Рабочий стол\4курс\практика\Новая папка (7)\\alarm\alarmdata_tmp.dat3
2023-04-12 11:36:49.274 Переименован, файл C:\Users\kiril\OneDrive\Рабочий стол\4курс\практика\Новая папка (7)\\alarm\alarmdata_tmp.dat3 в C:\Users\kiril\OneDrive\Рабочий стол\4курс\практика\Новая папка (7)\\alarm\alarmdata.dat3
2023-04-12 11:36:49.293 Сохранение завершено, 0 аварий
2023-04-12 11:46:49.958 Начало сохранения в C:\Users\kiril\OneDrive\Рабочий стол\4курс\практика\Новая папка (7)\\alarm\alarmdata_tmp.dat3
2023-04-12 11:46:49.977 Переименован, файл C:\Users\kiril\OneDrive\Рабочий стол\4курс\практика\Новая папка (7)\\alarm\alarmdata_tmp.dat3 в C:\Users\kiril\OneDrive\Рабочий стол\4курс\практика\Новая папка (7)\\alarm\alarmdata.dat3
2023-04-12 11:46:49.995 Сохранение завершено, 0 аварий
2023-04-12 11:56:50.128 Начало сохранения в C:\Users\kiril\OneDrive\Рабочий стол\4курс\практика\Новая папка (7)\\alarm\alarmdata_tmp.dat3
2023-04-12 11:56:50.128 Переименован, файл C:\Users\kiril\OneDrive\Рабочий стол\4курс\практика\Новая папка (7)\\alarm\alarmdata_tmp.dat3 в C:\Users\kiril\OneDrive\Рабочий стол\4курс\практика\Новая папка (7)\\alarm\alarmdata.dat3
2023-04-12 11:56:50.149 Сохранение завершено, 0 аварий
2023-04-12 12:06:50.282 Начало сохранения в C:\Users\kiril\OneDrive\Рабочий стол\4курс\практика\Новая папка (7)\\alarm\alarmdata_tmp.dat3
2023-04-12 12:06:50.283 Переименован, файл C:\Users\kiril\OneDrive\Рабочий стол\4курс\практика\Новая папка (7)\\alarm\alarmdata_tmp.dat3 в C:\Users\kiril\OneDrive\Рабочий стол\4курс\практика\Новая папка (7)\\alarm\alarmdata.dat3
2023-04-12 12:06:50.301 Сохранение завершено, 0 аварий
2023-04-12 12:16:51.310 Начало сохранения в C:\Users\kiril\OneDrive\Рабочий стол\4курс\практика\Новая папка (7)\\alarm\alarmdata_tmp.dat3
2023-04-12 12:16:51.312 Переименован, файл C:\Users\kiril\OneDrive\Рабочий стол\4курс\практика\Новая папка (7)\\alarm\alarmdata_tmp.dat3 в C:\Users\kiril\OneDrive\Рабочий стол\4курс\практика\Новая папка (7)\\alarm\alarmdata.dat3
2023-04-12 12:16:51.332 Сохранение завершено, 0 аварий
2023-04-12 12:26:51.394 Начало сохранения в C:\Users\kiril\OneDrive\Рабочий стол\4курс\практика\Новая папка (7)\\alarm\alarmdata_tmp.dat3
2023-04-12 12:26:51.395 Переименован, файл C:\Users\kiril\OneDrive\Рабочий стол\4курс\практика\Новая папка (7)\\alarm\alarmdata_tmp.dat3 в C:\Users\kiril\OneDrive\Рабочий стол\4курс\практика\Новая папка (7)\\alarm\alarmdata.dat3
2023-04-12 12:26:51.412 Сохранение завершено, 0 аварий
2023-04-12 12:36:51.835 Начало сохранения в C:\Users\kiril\OneDrive\Рабочий стол\4курс\практика\Новая папка (7)\\alarm\alarmdata_tmp.dat3
2023-04-12 12:36:51.837 Переименован, файл C:\Users\kiril\OneDrive\Рабочий стол\4курс\практика\Новая папка (7)\\alarm\alarmdata_tmp.dat3 в C:\Users\kiril\OneDrive\Рабочий стол\4курс\практика\Новая папка (7)\\alarm\alarmdata.dat3
2023-04-12 12:36:51.861 Сохранение завершено, 0 аварий
2023-04-12 12:46:52.376 Начало сохранения в C:\Users\kiril\OneDrive\Рабочий стол\4курс\практика\Новая папка (7)\\alarm\alarmdata_tmp.dat3
2023-04-12 12:46:52.377 Переименован, файл C:\Users\kiril\OneDrive\Рабочий стол\4курс\практика\Новая папка (7)\\alarm\alarmdata_tmp.dat3 в C:\Users\kiril\OneDrive\Рабочий стол\4курс\практика\Новая папка (7)\\alarm\alarmdata.dat3
2023-04-12 12:46:52.395 Сохранение завершено, 0 аварий
2023-04-12 12:56:52.578 Начало сохранения в C:\Users\kiril\OneDrive\Рабочий стол\4курс\практика\Новая папка (7)\\alarm\alarmdata_tmp.dat3
2023-04-12 12:56:52.579 Переименован, файл C:\Users\kiril\OneDrive\Рабочий стол\4курс\практика\Новая папка (7)\\alarm\alarmdata_tmp.dat3 в C:\Users\kiril\OneDrive\Рабочий стол\4курс\практика\Новая папка (7)\\alarm\alarmdata.dat3
2023-04-12 12:56:52.598 Сохранение завершено, 0 аварий
2023-04-12 13:06:52.879 Начало сохранения в C:\Users\kiril\OneDrive\Рабочий стол\4курс\практика\Новая папка (7)\\alarm\alarmdata_tmp.dat3
2023-04-12 13:06:52.880 Переименован, файл C:\Users\kiril\OneDrive\Рабочий стол\4курс\практика\Новая папка (7)\\alarm\alarmdata_tmp.dat3 в C:\Users\kiril\OneDrive\Рабочий стол\4курс\практика\Новая папка (7)\\alarm\alarmdata.dat3
2023-04-12 13:06:52.902 Сохранение завершено, 0 аварий
2023-04-12 13:16:53.504 Начало сохранения в C:\Users\kiril\OneDrive\Рабочий стол\4курс\практика\Новая папка (7)\\alarm\alarmdata_tmp.dat3
2023-04-12 13:16:53.504 Переименован, файл C:\Users\kiril\OneDrive\Рабочий стол\4курс\практика\Новая папка (7)\\alarm\alarmdata_tmp.dat3 в C:\Users\kiril\OneDrive\Рабочий стол\4курс\практика\Новая папка (7)\\alarm\alarmdata.dat3
2023-04-12 13:16:53.523 Сохранение завершено, 0 аварий
2023-04-12 13:26:54.094 Начало сохранения в C:\Users\kiril\OneDrive\Рабочий стол\4курс\практика\Новая папка (7)\\alarm\alarmdata_tmp.dat3
2023-04-12 13:26:54.095 Переименован, файл C:\Users\kiril\OneDrive\Рабочий стол\4курс\практика\Новая папка (7)\\alarm\alarmdata_tmp.dat3 в C:\Users\kiril\OneDrive\Рабочий стол\4курс\практика\Новая папка (7)\\alarm\alarmdata.dat3
2023-04-12 13:26:54.113 Сохранение завершено, 0 аварий
2023-04-12 13:36:55.027 Начало сохранения в C:\Users\kiril\OneDrive\Рабочий стол\4курс\практика\Новая папка (7)\\alarm\alarmdata_tmp.dat3
2023-04-12 13:36:55.028 Переименован, файл C:\Users\kiril\OneDrive\Рабочий стол\4курс\практика\Новая папка (7)\\alarm\alarmdata_tmp.dat3 в C:\Users\kiril\OneDrive\Рабочий стол\4курс\практика\Новая папка (7)\\alarm\alarmdata.dat3
2023-04-12 13:36:55.046 Сохранение завершено, 0 аварий
2023-04-12 13:46:55.194 Начало сохранения в C:\Users\kiril\OneDrive\Рабочий стол\4курс\практика\Новая папка (7)\\alarm\alarmdata_tmp.dat3
2023-04-12 13:46:55.195 Переименован, файл C:\Users\kiril\OneDrive\Рабочий стол\4курс\практика\Новая папка (7)\\alarm\alarmdata_tmp.dat3 в C:\Users\kiril\OneDrive\Рабочий стол\4курс\практика\Новая папка (7)\\alarm\alarmdata.dat3
2023-04-12 13:46:55.219 Сохранение завершено, 0 аварий
2023-04-12 13:56:55.763 Начало сохранения в C:\Users\kiril\OneDrive\Рабочий стол\4курс\практика\Новая папка (7)\\alarm\alarmdata_tmp.dat3
2023-04-12 13:56:55.763 Переименован, файл C:\Users\kiril\OneDrive\Рабочий стол\4курс\практика\Новая папка (7)\\alarm\alarmdata_tmp.dat3 в C:\Users\kiril\OneDrive\Рабочий стол\4курс\практика\Новая папка (7)\\alarm\alarmdata.dat3
2023-04-12 13:56:55.782 Сохранение завершено, 0 аварий
2023-04-12 14:06:56.604 Начало сохранения в C:\Users\kiril\OneDrive\Рабочий стол\4курс\практика\Новая папка (7)\\alarm\alarmdata_tmp.dat3
2023-04-12 14:06:56.606 Переименован, файл C:\Users\kiril\OneDrive\Рабочий стол\4курс\практика\Новая папка (7)\\alarm\alarmdata_tmp.dat3 в C:\Users\kiril\OneDrive\Рабочий стол\4курс\практика\Новая папка (7)\\alarm\alarmdata.dat3
2023-04-12 14:06:56.631 Сохранение завершено, 0 аварий
2023-04-12 14:16:57.328 Начало сохранения в C:\Users\kiril\OneDrive\Рабочий стол\4курс\практика\Новая папка (7)\\alarm\alarmdata_tmp.dat3
2023-04-12 14:16:57.329 Переименован, файл C:\Users\kiril\OneDrive\Рабочий стол\4курс\практика\Новая папка (7)\\alarm\alarmdata_tmp.dat3 в C:\Users\kiril\OneDrive\Рабочий стол\4курс\практика\Новая папка (7)\\alarm\alarmdata.dat3
2023-04-12 14:16:57.348 Сохранение завершено, 0 аварий
2023-04-12 14:26:58.109 Начало сохранения в C:\Users\kiril\OneDrive\Рабочий стол\4курс\практика\Новая папка (7)\\alarm\alarmdata_tmp.dat3
2023-04-12 14:26:58.110 Переименован, файл C:\Users\kiril\OneDrive\Рабочий стол\4курс\практика\Новая папка (7)\\alarm\alarmdata_tmp.dat3 в C:\Users\kiril\OneDrive\Рабочий стол\4курс\практика\Новая папка (7)\\alarm\alarmdata.dat3
2023-04-12 14:26:58.128 Сохранение завершено, 0 аварий
2023-04-12 14:36:59.077 Начало сохранения в C:\Users\kiril\OneDrive\Рабочий стол\4курс\практика\Новая папка (7)\\alarm\alarmdata_tmp.dat3
2023-04-12 14:36:59.078 Переименован, файл C:\Users\kiril\OneDrive\Рабочий стол\4курс\практика\Новая папка (7)\\alarm\alarmdata_tmp.dat3 в C:\Users\kiril\OneDrive\Рабочий стол\4курс\практика\Новая папка (7)\\alarm\alarmdata.dat3
2023-04-12 14:36:59.104 Сохранение завершено, 0 аварий
2023-04-12 14:46:59.745 Начало сохранения в C:\Users\kiril\OneDrive\Рабочий стол\4курс\практика\Новая папка (7)\\alarm\alarmdata_tmp.dat3
2023-04-12 14:46:59.746 Переименован, файл C:\Users\kiril\OneDrive\Рабочий стол\4курс\практика\Новая папка (7)\\alarm\alarmdata_tmp.dat3 в C:\Users\kiril\OneDrive\Рабочий стол\4курс\практика\Новая папка (7)\\alarm\alarmdata.dat3
2023-04-12 14:46:59.765 Сохранение завершено, 0 аварий
2023-04-12 14:57:00.699 Начало сохранения в C:\Users\kiril\OneDrive\Рабочий стол\4курс\практика\Новая папка (7)\\alarm\alarmdata_tmp.dat3
2023-04-12 14:57:00.699 Переименован, файл C:\Users\kiril\OneDrive\Рабочий стол\4курс\практика\Новая папка (7)\\alarm\alarmdata_tmp.dat3 в C:\Users\kiril\OneDrive\Рабочий стол\4курс\практика\Новая папка (7)\\alarm\alarmdata.dat3
2023-04-12 14:57:00.718 Сохранение завершено, 0 аварий
2023-04-12 15:07:01.538 Начало сохранения в C:\Users\kiril\OneDrive\Рабочий стол\4курс\практика\Новая папка (7)\\alarm\alarmdata_tmp.dat3
2023-04-12 15:07:01.539 Переименован, файл C:\Users\kiril\OneDrive\Рабочий стол\4курс\практика\Новая папка (7)\\alarm\alarmdata_tmp.dat3 в C:\Users\kiril\OneDrive\Рабочий стол\4курс\практика\Новая папка (7)\\alarm\alarmdata.dat3
2023-04-12 15:07:01.559 Сохранение завершено, 0 аварий
2023-04-12 15:17:02.015 Начало сохранения в C:\Users\kiril\OneDrive\Рабочий стол\4курс\практика\Новая папка (7)\\alarm\alarmdata_tmp.dat3
2023-04-12 15:17:02.016 Переименован, файл C:\Users\kiril\OneDrive\Рабочий стол\4курс\практика\Новая папка (7)\\alarm\alarmdata_tmp.dat3 в C:\Users\kiril\OneDrive\Рабочий стол\4курс\практика\Новая папка (7)\\alarm\alarmdata.dat3
2023-04-12 15:17:02.034 Сохранение завершено, 0 аварий
2023-04-12 15:27:02.355 Начало сохранения в C:\Users\kiril\OneDrive\Рабочий стол\4курс\практика\Новая папка (7)\\alarm\alarmdata_tmp.dat3
2023-04-12 15:27:02.356 Переименован, файл C:\Users\kiril\OneDrive\Рабочий стол\4курс\практика\Новая папка (7)\\alarm\alarmdata_tmp.dat3 в C:\Users\kiril\OneDrive\Рабочий стол\4курс\практика\Новая папка (7)\\alarm\alarmdata.dat3
2023-04-12 15:27:02.376 Сохранение завершено, 0 аварий
2023-04-12 15:37:02.439 Начало сохранения в C:\Users\kiril\OneDrive\Рабочий стол\4курс\практика\Новая папка (7)\\alarm\alarmdata_tmp.dat3
2023-04-12 15:37:02.440 Переименован, файл C:\Users\kiril\OneDrive\Рабочий стол\4курс\практика\Новая папка (7)\\alarm\alarmdata_tmp.dat3 в C:\Users\kiril\OneDrive\Рабочий стол\4курс\практика\Новая папка (7)\\alarm\alarmdata.dat3
2023-04-12 15:37:02.462 Сохранение завершено, 0 аварий
2023-04-12 15:47:03.152 Начало сохранения в C:\Users\kiril\OneDrive\Рабочий стол\4курс\практика\Новая папка (7)\\alarm\alarmdata_tmp.dat3
2023-04-12 15:47:03.153 Переименован, файл C:\Users\kiril\OneDrive\Рабочий стол\4курс\практика\Новая папка (7)\\alarm\alarmdata_tmp.dat3 в C:\Users\kiril\OneDrive\Рабочий стол\4курс\практика\Новая папка (7)\\alarm\alarmdata.dat3
2023-04-12 15:47:03.173 Сохранение завершено, 0 аварий
2023-04-12 15:57:03.951 Начало сохранения в C:\Users\kiril\OneDrive\Рабочий стол\4курс\практика\Новая папка (7)\\alarm\alarmdata_tmp.dat3
2023-04-12 15:57:03.952 Переименован, файл C:\Users\kiril\OneDrive\Рабочий стол\4курс\практика\Новая папка (7)\\alarm\alarmdata_tmp.dat3 в C:\Users\kiril\OneDrive\Рабочий стол\4курс\практика\Новая папка (7)\\alarm\alarmdata.dat3
2023-04-12 15:57:03.979 Сохранение завершено, 0 аварий
2023-04-12 16:07:04.899 Начало сохранения в C:\Users\kiril\OneDrive\Рабочий стол\4курс\практика\Новая папка (7)\\alarm\alarmdata_tmp.dat3
2023-04-12 16:07:04.900 Переименован, файл C:\Users\kiril\OneDrive\Рабочий стол\4курс\практика\Новая папка (7)\\alarm\alarmdata_tmp.dat3 в C:\Users\kiril\OneDrive\Рабочий стол\4курс\практика\Новая папка (7)\\alarm\alarmdata.dat3
2023-04-12 16:07:04.921 Сохранение завершено, 0 аварий
2023-04-12 16:17:05.529 Начало сохранения в C:\Users\kiril\OneDrive\Рабочий стол\4курс\практика\Новая папка (7)\\alarm\alarmdata_tmp.dat3
2023-04-12 16:17:05.531 Переименован, файл C:\Users\kiril\OneDrive\Рабочий стол\4курс\практика\Новая папка (7)\\alarm\alarmdata_tmp.dat3 в C:\Users\kiril\OneDrive\Рабочий стол\4курс\практика\Новая папка (7)\\alarm\alarmdata.dat3
2023-04-12 16:17:05.553 Сохранение завершено, 0 аварий
2023-04-12 16:27:06.500 Начало сохранения в C:\Users\kiril\OneDrive\Рабочий стол\4курс\практика\Новая папка (7)\\alarm\alarmdata_tmp.dat3
2023-04-12 16:27:06.501 Переименован, файл C:\Users\kiril\OneDrive\Рабочий стол\4курс\практика\Новая папка (7)\\alarm\alarmdata_tmp.dat3 в C:\Users\kiril\OneDrive\Рабочий стол\4курс\практика\Новая папка (7)\\alarm\alarmdata.dat3
2023-04-12 16:27:06.526 Сохранение завершено, 0 аварий
2023-04-12 16:37:07.626 Начало сохранения в C:\Users\kiril\OneDrive\Рабочий стол\4курс\практика\Новая папка (7)\\alarm\alarmdata_tmp.dat3
2023-04-12 16:37:07.627 Переименован, файл C:\Users\kiril\OneDrive\Рабочий стол\4курс\практика\Новая папка (7)\\alarm\alarmdata_tmp.dat3 в C:\Users\kiril\OneDrive\Рабочий стол\4курс\практика\Новая папка (7)\\alarm\alarmdata.dat3
2023-04-12 16:37:07.651 Сохранение завершено, 0 аварий
2023-04-12 16:47:07.941 Начало сохранения в C:\Users\kiril\OneDrive\Рабочий стол\4курс\практика\Новая папка (7)\\alarm\alarmdata_tmp.dat3
2023-04-12 16:47:07.943 Переименован, файл C:\Users\kiril\OneDrive\Рабочий стол\4курс\практика\Новая папка (7)\\alarm\alarmdata_tmp.dat3 в C:\Users\kiril\OneDrive\Рабочий стол\4курс\практика\Новая папка (7)\\alarm\alarmdata.dat3
2023-04-12 16:47:07.969 Сохранение завершено, 0 аварий
2023-04-12 16:57:08.916 Начало сохранения в C:\Users\kiril\OneDrive\Рабочий стол\4курс\практика\Новая папка (7)\\alarm\alarmdata_tmp.dat3
2023-04-12 16:57:08.917 Переименован, файл C:\Users\kiril\OneDrive\Рабочий стол\4курс\практика\Новая папка (7)\\alarm\alarmdata_tmp.dat3 в C:\Users\kiril\OneDrive\Рабочий стол\4курс\практика\Новая папка (7)\\alarm\alarmdata.dat3
2023-04-12 16:57:08.944 Сохранение завершено, 0 аварий
2023-04-12 17:07:09.174 Начало сохранения в C:\Users\kiril\OneDrive\Рабочий стол\4курс\практика\Новая папка (7)\\alarm\alarmdata_tmp.dat3
2023-04-12 17:07:09.174 Переименован, файл C:\Users\kiril\OneDrive\Рабочий стол\4курс\практика\Новая папка (7)\\alarm\alarmdata_tmp.dat3 в C:\Users\kiril\OneDrive\Рабочий стол\4курс\практика\Новая папка (7)\\alarm\alarmdata.dat3
2023-04-12 17:07:09.194 Сохранение завершено, 0 аварий
2023-04-12 17:17:09.508 Начало сохранения в C:\Users\kiril\OneDrive\Рабочий стол\4курс\практика\Новая папка (7)\\alarm\alarmdata_tmp.dat3
2023-04-12 17:17:09.509 Переименован, файл C:\Users\kiril\OneDrive\Рабочий стол\4курс\практика\Новая папка (7)\\alarm\alarmdata_tmp.dat3 в C:\Users\kiril\OneDrive\Рабочий стол\4курс\практика\Новая папка (7)\\alarm\alarmdata.dat3
2023-04-12 17:17:09.531 Сохранение завершено, 0 аварий
2023-04-12 17:27:10.007 Начало сохранения в C:\Users\kiril\OneDrive\Рабочий стол\4курс\практика\Новая папка (7)\\alarm\alarmdata_tmp.dat3
2023-04-12 17:27:10.008 Переименован, файл C:\Users\kiril\OneDrive\Рабочий стол\4курс\практика\Новая папка (7)\\alarm\alarmdata_tmp.dat3 в C:\Users\kiril\OneDrive\Рабочий стол\4курс\практика\Новая папка (7)\\alarm\alarmdata.dat3
2023-04-12 17:27:10.033 Сохранение завершено, 0 аварий
2023-04-12 17:37:10.687 Начало сохранения в C:\Users\kiril\OneDrive\Рабочий стол\4курс\практика\Новая папка (7)\\alarm\alarmdata_tmp.dat3
2023-04-12 17:37:10.688 Переименован, файл C:\Users\kiril\OneDrive\Рабочий стол\4курс\практика\Новая папка (7)\\alarm\alarmdata_tmp.dat3 в C:\Users\kiril\OneDrive\Рабочий стол\4курс\практика\Новая папка (7)\\alarm\alarmdata.dat3
2023-04-12 17:37:10.708 Сохранение завершено, 0 аварий
2023-04-12 17:47:10.868 Начало сохранения в C:\Users\kiril\OneDrive\Рабочий стол\4курс\практика\Новая папка (7)\\alarm\alarmdata_tmp.dat3
2023-04-12 17:47:10.869 Переименован, файл C:\Users\kiril\OneDrive\Рабочий стол\4курс\практика\Новая папка (7)\\alarm\alarmdata_tmp.dat3 в C:\Users\kiril\OneDrive\Рабочий стол\4курс\практика\Новая папка (7)\\alarm\alarmdata.dat3
2023-04-12 17:47:10.895 Сохранение завершено, 0 аварий
2023-04-12 17:57:11.709 Начало сохранения в C:\Users\kiril\OneDrive\Рабочий стол\4курс\практика\Новая папка (7)\\alarm\alarmdata_tmp.dat3
2023-04-12 17:57:11.709 Переименован, файл C:\Users\kiril\OneDrive\Рабочий стол\4курс\практика\Новая папка (7)\\alarm\alarmdata_tmp.dat3 в C:\Users\kiril\OneDrive\Рабочий стол\4курс\практика\Новая папка (7)\\alarm\alarmdata.dat3
2023-04-12 17:57:11.734 Сохранение завершено, 0 аварий
2023-04-12 18:07:11.919 Начало сохранения в C:\Users\kiril\OneDrive\Рабочий стол\4курс\практика\Новая папка (7)\\alarm\alarmdata_tmp.dat3
2023-04-12 18:07:11.920 Переименован, файл C:\Users\kiril\OneDrive\Рабочий стол\4курс\практика\Новая папка (7)\\alarm\alarmdata_tmp.dat3 в C:\Users\kiril\OneDrive\Рабочий стол\4курс\практика\Новая папка (7)\\alarm\alarmdata.dat3
2023-04-12 18:07:11.943 Сохранение завершено, 0 аварий
2023-04-12 18:17:12.092 Начало сохранения в C:\Users\kiril\OneDrive\Рабочий стол\4курс\практика\Новая папка (7)\\alarm\alarmdata_tmp.dat3
2023-04-12 18:17:12.092 Переименован, файл C:\Users\kiril\OneDrive\Рабочий стол\4курс\практика\Новая папка (7)\\alarm\alarmdata_tmp.dat3 в C:\Users\kiril\OneDrive\Рабочий стол\4курс\практика\Новая папка (7)\\alarm\alarmdata.dat3
2023-04-12 18:17:12.111 Сохранение завершено, 0 аварий
2023-04-12 18:27:12.764 Начало сохранения в C:\Users\kiril\OneDrive\Рабочий стол\4курс\практика\Новая папка (7)\\alarm\alarmdata_tmp.dat3
2023-04-12 18:27:12.765 Переименован, файл C:\Users\kiril\OneDrive\Рабочий стол\4курс\практика\Новая папка (7)\\alarm\alarmdata_tmp.dat3 в C:\Users\kiril\OneDrive\Рабочий стол\4курс\практика\Новая папка (7)\\alarm\alarmdata.dat3
2023-04-12 18:27:12.785 Сохранение завершено, 0 аварий
2023-04-12 18:37:13.302 Начало сохранения в C:\Users\kiril\OneDrive\Рабочий стол\4курс\практика\Новая папка (7)\\alarm\alarmdata_tmp.dat3
2023-04-12 18:37:13.304 Переименован, файл C:\Users\kiril\OneDrive\Рабочий стол\4курс\практика\Новая папка (7)\\alarm\alarmdata_tmp.dat3 в C:\Users\kiril\OneDrive\Рабочий стол\4курс\практика\Новая папка (7)\\alarm\alarmdata.dat3
2023-04-12 18:37:13.327 Сохранение завершено, 0 аварий
2023-04-12 18:47:14.072 Начало сохранения в C:\Users\kiril\OneDrive\Рабочий стол\4курс\практика\Новая папка (7)\\alarm\alarmdata_tmp.dat3
2023-04-12 18:47:14.073 Переименован, файл C:\Users\kiril\OneDrive\Рабочий стол\4курс\практика\Новая папка (7)\\alarm\alarmdata_tmp.dat3 в C:\Users\kiril\OneDrive\Рабочий стол\4курс\практика\Новая папка (7)\\alarm\alarmdata.dat3
2023-04-12 18:47:14.098 Сохранение завершено, 0 аварий
2023-04-12 18:57:14.939 Начало сохранения в C:\Users\kiril\OneDrive\Рабочий стол\4курс\практика\Новая папка (7)\\alarm\alarmdata_tmp.dat3
2023-04-12 18:57:14.940 Переименован, файл C:\Users\kiril\OneDrive\Рабочий стол\4курс\практика\Новая папка (7)\\alarm\alarmdata_tmp.dat3 в C:\Users\kiril\OneDrive\Рабочий стол\4курс\практика\Новая папка (7)\\alarm\alarmdata.dat3
2023-04-12 18:57:14.962 Сохранение завершено, 0 аварий
2023-04-12 19:07:15.652 Начало сохранения в C:\Users\kiril\OneDrive\Рабочий стол\4курс\практика\Новая папка (7)\\alarm\alarmdata_tmp.dat3
2023-04-12 19:07:15.653 Переименован, файл C:\Users\kiril\OneDrive\Рабочий стол\4курс\практика\Новая папка (7)\\alarm\alarmdata_tmp.dat3 в C:\Users\kiril\OneDrive\Рабочий стол\4курс\практика\Новая папка (7)\\alarm\alarmdata.dat3
2023-04-12 19:07:15.674 Сохранение завершено, 0 аварий
2023-04-12 19:17:16.551 Начало сохранения в C:\Users\kiril\OneDrive\Рабочий стол\4курс\практика\Новая папка (7)\\alarm\alarmdata_tmp.dat3
2023-04-12 19:17:16.552 Переименован, файл C:\Users\kiril\OneDrive\Рабочий стол\4курс\практика\Новая папка (7)\\alarm\alarmdata_tmp.dat3 в C:\Users\kiril\OneDrive\Рабочий стол\4курс\практика\Новая папка (7)\\alarm\alarmdata.dat3
2023-04-12 19:17:16.573 Сохранение завершено, 0 аварий
2023-04-12 19:27:17.124 Начало сохранения в C:\Users\kiril\OneDrive\Рабочий стол\4курс\практика\Новая папка (7)\\alarm\alarmdata_tmp.dat3
2023-04-12 19:27:17.125 Переименован, файл C:\Users\kiril\OneDrive\Рабочий стол\4курс\практика\Новая папка (7)\\alarm\alarmdata_tmp.dat3 в C:\Users\kiril\OneDrive\Рабочий стол\4курс\практика\Новая папка (7)\\alarm\alarmdata.dat3
2023-04-12 19:27:17.147 Сохранение завершено, 0 аварий
2023-04-12 19:37:18.060 Начало сохранения в C:\Users\kiril\OneDrive\Рабочий стол\4курс\практика\Новая папка (7)\\alarm\alarmdata_tmp.dat3
2023-04-12 19:37:18.061 Переименован, файл C:\Users\kiril\OneDrive\Рабочий стол\4курс\практика\Новая папка (7)\\alarm\alarmdata_tmp.dat3 в C:\Users\kiril\OneDrive\Рабочий стол\4курс\практика\Новая папка (7)\\alarm\alarmdata.dat3
2023-04-12 19:37:18.080 Сохранение завершено, 0 аварий
2023-04-12 19:47:18.621 Начало сохранения в C:\Users\kiril\OneDrive\Рабочий стол\4курс\практика\Новая папка (7)\\alarm\alarmdata_tmp.dat3
2023-04-12 19:47:18.623 Переименован, файл C:\Users\kiril\OneDrive\Рабочий стол\4курс\практика\Новая папка (7)\\alarm\alarmdata_tmp.dat3 в C:\Users\kiril\OneDrive\Рабочий стол\4курс\практика\Новая папка (7)\\alarm\alarmdata.dat3
2023-04-12 19:47:18.648 Сохранение завершено, 0 аварий
2023-04-12 19:57:19.055 Начало сохранения в C:\Users\kiril\OneDrive\Рабочий стол\4курс\практика\Новая папка (7)\\alarm\alarmdata_tmp.dat3
2023-04-12 19:57:19.056 Переименован, файл C:\Users\kiril\OneDrive\Рабочий стол\4курс\практика\Новая папка (7)\\alarm\alarmdata_tmp.dat3 в C:\Users\kiril\OneDrive\Рабочий стол\4курс\практика\Новая папка (7)\\alarm\alarmdata.dat3
2023-04-12 19:57:19.074 Сохранение завершено, 0 аварий
2023-04-12 20:07:19.731 Начало сохранения в C:\Users\kiril\OneDrive\Рабочий стол\4курс\практика\Новая папка (7)\\alarm\alarmdata_tmp.dat3
2023-04-12 20:07:19.732 Переименован, файл C:\Users\kiril\OneDrive\Рабочий стол\4курс\практика\Новая папка (7)\\alarm\alarmdata_tmp.dat3 в C:\Users\kiril\OneDrive\Рабочий стол\4курс\практика\Новая папка (7)\\alarm\alarmdata.dat3
2023-04-12 20:07:19.765 Сохранение завершено, 0 аварий
2023-04-12 20:17:20.126 Начало сохранения в C:\Users\kiril\OneDrive\Рабочий стол\4курс\практика\Новая папка (7)\\alarm\alarmdata_tmp.dat3
2023-04-12 20:17:20.127 Переименован, файл C:\Users\kiril\OneDrive\Рабочий стол\4курс\практика\Новая папка (7)\\alarm\alarmdata_tmp.dat3 в C:\Users\kiril\OneDrive\Рабочий стол\4курс\практика\Новая папка (7)\\alarm\alarmdata.dat3
2023-04-12 20:17:20.147 Сохранение завершено, 0 аварий
2023-04-12 20:27:20.778 Начало сохранения в C:\Users\kiril\OneDrive\Рабочий стол\4курс\практика\Новая папка (7)\\alarm\alarmdata_tmp.dat3
2023-04-12 20:27:20.779 Переименован, файл C:\Users\kiril\OneDrive\Рабочий стол\4курс\практика\Новая папка (7)\\alarm\alarmdata_tmp.dat3 в C:\Users\kiril\OneDrive\Рабочий стол\4курс\практика\Новая папка (7)\\alarm\alarmdata.dat3
2023-04-12 20:27:20.799 Сохранение завершено, 0 аварий
2023-04-12 20:37:21.157 Начало сохранения в C:\Users\kiril\OneDrive\Рабочий стол\4курс\практика\Новая папка (7)\\alarm\alarmdata_tmp.dat3
2023-04-12 20:37:21.159 Переименован, файл C:\Users\kiril\OneDrive\Рабочий стол\4курс\практика\Новая папка (7)\\alarm\alarmdata_tmp.dat3 в C:\Users\kiril\OneDrive\Рабочий стол\4курс\практика\Новая папка (7)\\alarm\alarmdata.dat3
2023-04-12 20:37:21.194 Сохранение завершено, 0 аварий
2023-04-12 20:47:22.024 Начало сохранения в C:\Users\kiril\OneDrive\Рабочий стол\4курс\практика\Новая папка (7)\\alarm\alarmdata_tmp.dat3
2023-04-12 20:47:22.025 Переименован, файл C:\Users\kiril\OneDrive\Рабочий стол\4курс\практика\Новая папка (7)\\alarm\alarmdata_tmp.dat3 в C:\Users\kiril\OneDrive\Рабочий стол\4курс\практика\Новая папка (7)\\alarm\alarmdata.dat3
2023-04-12 20:47:22.044 Сохранение завершено, 0 аварий
2023-04-12 20:57:23.139 Начало сохранения в C:\Users\kiril\OneDrive\Рабочий стол\4курс\практика\Новая папка (7)\\alarm\alarmdata_tmp.dat3
2023-04-12 20:57:23.140 Переименован, файл C:\Users\kiril\OneDrive\Рабочий стол\4курс\практика\Новая папка (7)\\alarm\alarmdata_tmp.dat3 в C:\Users\kiril\OneDrive\Рабочий стол\4курс\практика\Новая папка (7)\\alarm\alarmdata.dat3
2023-04-12 20:57:23.167 Сохранение завершено, 0 аварий
2023-04-12 21:07:23.372 Начало сохранения в C:\Users\kiril\OneDrive\Рабочий стол\4курс\практика\Новая папка (7)\\alarm\alarmdata_tmp.dat3
2023-04-12 21:07:23.373 Переименован, файл C:\Users\kiril\OneDrive\Рабочий стол\4курс\практика\Новая папка (7)\\alarm\alarmdata_tmp.dat3 в C:\Users\kiril\OneDrive\Рабочий стол\4курс\практика\Новая папка (7)\\alarm\alarmdata.dat3
2023-04-12 21:07:23.400 Сохранение завершено, 0 аварий
2023-04-12 21:17:24.426 Начало сохранения в C:\Users\kiril\OneDrive\Рабочий стол\4курс\практика\Новая папка (7)\\alarm\alarmdata_tmp.dat3
2023-04-12 21:17:24.427 Переименован, файл C:\Users\kiril\OneDrive\Рабочий стол\4курс\практика\Новая папка (7)\\alarm\alarmdata_tmp.dat3 в C:\Users\kiril\OneDrive\Рабочий стол\4курс\практика\Новая папка (7)\\alarm\alarmdata.dat3
2023-04-12 21:17:24.449 Сохранение завершено, 0 аварий
2023-04-12 21:27:24.495 Начало сохранения в C:\Users\kiril\OneDrive\Рабочий стол\4курс\практика\Новая папка (7)\\alarm\alarmdata_tmp.dat3
2023-04-12 21:27:24.496 Переименован, файл C:\Users\kiril\OneDrive\Рабочий стол\4курс\практика\Новая папка (7)\\alarm\alarmdata_tmp.dat3 в C:\Users\kiril\OneDrive\Рабочий стол\4курс\практика\Новая папка (7)\\alarm\alarmdata.dat3
2023-04-12 21:27:24.517 Сохранение завершено, 0 аварий
2023-04-12 21:37:25.413 Начало сохранения в C:\Users\kiril\OneDrive\Рабочий стол\4курс\практика\Новая папка (7)\\alarm\alarmdata_tmp.dat3
2023-04-12 21:37:25.414 Переименован, файл C:\Users\kiril\OneDrive\Рабочий стол\4курс\практика\Новая папка (7)\\alarm\alarmdata_tmp.dat3 в C:\Users\kiril\OneDrive\Рабочий стол\4курс\практика\Новая папка (7)\\alarm\alarmdata.dat3
2023-04-12 21:37:25.442 Сохранение завершено, 0 аварий
2023-04-12 21:47:26.148 Начало сохранения в C:\Users\kiril\OneDrive\Рабочий стол\4курс\практика\Новая папка (7)\\alarm\alarmdata_tmp.dat3
2023-04-12 21:47:26.150 Переименован, файл C:\Users\kiril\OneDrive\Рабочий стол\4курс\практика\Новая папка (7)\\alarm\alarmdata_tmp.dat3 в C:\Users\kiril\OneDrive\Рабочий стол\4курс\практика\Новая папка (7)\\alarm\alarmdata.dat3
2023-04-12 21:47:26.178 Сохранение завершено, 0 аварий
2023-04-12 21:57:26.668 Начало сохранения в C:\Users\kiril\OneDrive\Рабочий стол\4курс\практика\Новая папка (7)\\alarm\alarmdata_tmp.dat3
2023-04-12 21:57:26.669 Переименован, файл C:\Users\kiril\OneDrive\Рабочий стол\4курс\практика\Новая папка (7)\\alarm\alarmdata_tmp.dat3 в C:\Users\kiril\OneDrive\Рабочий стол\4курс\практика\Новая папка (7)\\alarm\alarmdata.dat3
2023-04-12 21:57:26.692 Сохранение завершено, 0 аварий
2023-04-12 22:07:27.750 Начало сохранения в C:\Users\kiril\OneDrive\Рабочий стол\4курс\практика\Новая папка (7)\\alarm\alarmdata_tmp.dat3
2023-04-12 22:07:27.751 Переименован, файл C:\Users\kiril\OneDrive\Рабочий стол\4курс\практика\Новая папка (7)\\alarm\alarmdata_tmp.dat3 в C:\Users\kiril\OneDrive\Рабочий стол\4курс\практика\Новая папка (7)\\alarm\alarmdata.dat3
2023-04-12 22:07:27.773 Сохранение завершено, 0 аварий
2023-04-12 22:17:28.825 Начало сохранения в C:\Users\kiril\OneDrive\Рабочий стол\4курс\практика\Новая папка (7)\\alarm\alarmdata_tmp.dat3
2023-04-12 22:17:28.826 Переименован, файл C:\Users\kiril\OneDrive\Рабочий стол\4курс\практика\Новая папка (7)\\alarm\alarmdata_tmp.dat3 в C:\Users\kiril\OneDrive\Рабочий стол\4курс\практика\Новая папка (7)\\alarm\alarmdata.dat3
2023-04-12 22:17:28.844 Сохранение завершено, 0 аварий
